<?xml version="1.0" encoding="UTF-8"?>
<!-- Generated by org.testng.reporters.JUnitReportReporter -->
<testsuite hostname="LAPTOP-MC5PIDHD" failures="0" tests="3" name="seleniumGrid.ParallelTest" time="214.668" errors="0" timestamp="2024-06-23T13:57:19 IST" skipped="0">
  <testcase classname="seleniumGrid.ParallelTest" name="testGrid" time="54.892"/>
  <system-out/>
  <testcase classname="seleniumGrid.ParallelTest" name="testGrid" time="61.466"/>
  <system-out/>
  <testcase classname="seleniumGrid.ParallelTest" name="testGrid" time="98.310"/>
  <system-out/>
</testsuite> <!-- seleniumGrid.ParallelTest -->
