<?xml version="1.0" encoding="UTF-8"?>
<!-- Generated by org.testng.reporters.JUnitReportReporter -->
<testsuite hostname="LAPTOP-MC5PIDHD" failures="0" tests="3" name="seleniumGrid.ParallelTest" time="310.248" errors="0" timestamp="2024-06-24T11:12:15 IST" skipped="0">
  <testcase classname="seleniumGrid.ParallelTest" name="testGrid" time="109.430"/>
  <system-out/>
  <testcase classname="seleniumGrid.ParallelTest" name="testGrid" time="101.276"/>
  <system-out/>
  <testcase classname="seleniumGrid.ParallelTest" name="testGrid" time="99.542"/>
  <system-out/>
</testsuite> <!-- seleniumGrid.ParallelTest -->
