<?xml version="1.0" encoding="UTF-8"?>
<!-- Generated by org.testng.reporters.JUnitReportReporter -->
<testsuite hostname="LAPTOP-MC5PIDHD" failures="0" tests="3" name="seleniumGrid.ParallelTest" time="238.953" errors="0" timestamp="2024-06-24T11:54:03 IST" skipped="0">
  <testcase classname="seleniumGrid.ParallelTest" name="testGrid" time="43.121"/>
  <system-out/>
  <testcase classname="seleniumGrid.ParallelTest" name="testGrid" time="88.533"/>
  <system-out/>
  <testcase classname="seleniumGrid.ParallelTest" name="testGrid" time="107.299"/>
  <system-out/>
</testsuite> <!-- seleniumGrid.ParallelTest -->
